#
# There is insufficient memory for the Java Runtime Environment to continue.
# Native memory allocation (malloc) failed to allocate 715915264 bytes for committing reserved memory.
# Possible reasons:
#   The system is out of physical RAM or swap space
#   In 32 bit mode, the process size limit was hit
# Possible solutions:
#   Reduce memory load on the system
#   Increase physical memory or swap space
#   Check if swap backing store is full
#   Use 64 bit Java on a 64 bit OS
#   Decrease Java heap size (-Xmx/-Xms)
#   Decrease number of Java threads
#   Decrease Java thread stack sizes (-Xss)
#   Set larger code cache with -XX:ReservedCodeCacheSize=
# This output file may be truncated or incomplete.
#
#  Out of Memory Error (os_linux.cpp:2756), pid=31141, tid=3062524736
#
# JRE version:  (7.0_80-b15) (build )
# Java VM: Java HotSpot(TM) Server VM (24.80-b11 mixed mode linux-x86 )
# Failed to write core dump. Core dumps have been disabled. To enable core dumping, try "ulimit -c unlimited" before starting Java again
#

---------------  T H R E A D  ---------------

Current thread (0xb6707400):  JavaThread "Unknown thread" [_thread_in_vm, id=31187, stack(0xb6856000,0xb68a7000)]

Stack: [0xb6856000,0xb68a7000],  sp=0xb68a5b30,  free space=318k
Native frames: (J=compiled Java code, j=interpreted, Vv=VM code, C=native code)
V  [libjvm.so+0x7ea656]  VMError::report_and_die()+0x1a6
V  [libjvm.so+0x33eb82]  report_vm_out_of_memory(char const*, int, unsigned int, char const*)+0x72
V  [libjvm.so+0x687fb1]  os::Linux::commit_memory_impl(char*, unsigned int, bool)+0xe1
V  [libjvm.so+0x688478]  os::pd_commit_memory(char*, unsigned int, unsigned int, bool)+0x28
V  [libjvm.so+0x681b2c]  os::commit_memory(char*, unsigned int, unsigned int, bool)+0x2c
V  [libjvm.so+0x6ea8d8]  PSVirtualSpace::expand_by(unsigned int)+0x48
V  [libjvm.so+0x6dc6dd]  PSOldGen::initialize(ReservedSpace, unsigned int, char const*, int)+0x7d
V  [libjvm.so+0x187f26]  AdjoiningGenerations::AdjoiningGenerations(ReservedSpace, unsigned int, unsigned int, unsigned int, unsigned int, unsigned int, unsigned int, unsigned int)+0x2a6
V  [libjvm.so+0x6a7af4]  ParallelScavengeHeap::initialize()+0x3b4
V  [libjvm.so+0x7bd1c4]  Universe::initialize_heap()+0xa4
V  [libjvm.so+0x7be7f5]  universe_init()+0x55
V  [libjvm.so+0x452775]  init_globals()+0x55
V  [libjvm.so+0x7a73b0]  Threads::create_vm(JavaVMInitArgs*, bool*)+0x200
V  [libjvm.so+0x4c544c]  JNI_CreateJavaVM+0x5c
C  [libjli.so+0x2688]  JavaMain+0x98
C  [libpthread.so.0+0x6d4c]  start_thread+0xcc


---------------  P R O C E S S  ---------------

Java Threads: ( => current thread )

Other Threads:

=>0xb6707400 (exited) JavaThread "Unknown thread" [_thread_in_vm, id=31187, stack(0xb6856000,0xb68a7000)]

VM state:not at safepoint (not fully initialized)

VM Mutex/Monitor currently owned by a thread: None

GC Heap History (0 events):
No events

Deoptimization events (0 events):
No events

Internal exceptions (0 events):
No events

Events (0 events):
No events


Dynamic libraries:
08048000-08049000 r-xp 00000000 08:07 919831     /usr/lib/jvm/java-7-oracle/bin/java
08049000-0804a000 rw-p 00000000 08:07 919831     /usr/lib/jvm/java-7-oracle/bin/java
0921c000-0923d000 rw-p 00000000 00:00 0          [heap]
632ff000-634d4000 rw-p 00000000 00:00 0 
634d4000-63580000 rw-p 00000000 00:00 0 
63580000-73580000 rw-p 00000000 00:00 0 
9de24000-b35c0000 rw-p 00000000 00:00 0 
b35f5000-b35fe000 rw-p 00000000 00:00 0 
b35fe000-b36b5000 rw-p 00000000 00:00 0 
b36b5000-b38f5000 rwxp 00000000 00:00 0 
b38f5000-b66b5000 rw-p 00000000 00:00 0 
b66b5000-b66cc000 r-xp 00000000 08:07 930425     /usr/lib/jvm/java-7-oracle/jre/lib/i386/libzip.so
b66cc000-b66cd000 rw-p 00016000 08:07 930425     /usr/lib/jvm/java-7-oracle/jre/lib/i386/libzip.so
b66cd000-b66d8000 r-xp 00000000 08:07 4857066    /lib/i386-linux-gnu/libnss_files-2.15.so
b66d8000-b66d9000 r--p 0000a000 08:07 4857066    /lib/i386-linux-gnu/libnss_files-2.15.so
b66d9000-b66da000 rw-p 0000b000 08:07 4857066    /lib/i386-linux-gnu/libnss_files-2.15.so
b66da000-b66e4000 r-xp 00000000 08:07 4849864    /lib/i386-linux-gnu/libnss_nis-2.15.so
b66e4000-b66e5000 r--p 00009000 08:07 4849864    /lib/i386-linux-gnu/libnss_nis-2.15.so
b66e5000-b66e6000 rw-p 0000a000 08:07 4849864    /lib/i386-linux-gnu/libnss_nis-2.15.so
b66e6000-b66fc000 r-xp 00000000 08:07 4857076    /lib/i386-linux-gnu/libnsl-2.15.so
b66fc000-b66fd000 r--p 00015000 08:07 4857076    /lib/i386-linux-gnu/libnsl-2.15.so
b66fd000-b66fe000 rw-p 00016000 08:07 4857076    /lib/i386-linux-gnu/libnsl-2.15.so
b66fe000-b6700000 rw-p 00000000 00:00 0 
b6700000-b6721000 rw-p 00000000 00:00 0 
b6721000-b6800000 ---p 00000000 00:00 0 
b680b000-b6812000 r-xp 00000000 08:07 4857080    /lib/i386-linux-gnu/libnss_compat-2.15.so
b6812000-b6813000 r--p 00006000 08:07 4857080    /lib/i386-linux-gnu/libnss_compat-2.15.so
b6813000-b6814000 rw-p 00007000 08:07 4857080    /lib/i386-linux-gnu/libnss_compat-2.15.so
b6821000-b6829000 rw-s 00000000 08:07 5252611    /tmp/hsperfdata_sonphamhong/31141
b6829000-b684c000 r-xp 00000000 08:07 930421     /usr/lib/jvm/java-7-oracle/jre/lib/i386/libjava.so
b684c000-b684d000 rw-p 00023000 08:07 930421     /usr/lib/jvm/java-7-oracle/jre/lib/i386/libjava.so
b684d000-b6854000 r-xp 00000000 08:07 4857068    /lib/i386-linux-gnu/librt-2.15.so
b6854000-b6855000 r--p 00006000 08:07 4857068    /lib/i386-linux-gnu/librt-2.15.so
b6855000-b6856000 rw-p 00007000 08:07 4857068    /lib/i386-linux-gnu/librt-2.15.so
b6856000-b6859000 ---p 00000000 00:00 0 
b6859000-b68a7000 rw-p 00000000 00:00 0          [stack:31187]
b68a7000-b68d1000 r-xp 00000000 08:07 4857077    /lib/i386-linux-gnu/libm-2.15.so
b68d1000-b68d2000 r--p 00029000 08:07 4857077    /lib/i386-linux-gnu/libm-2.15.so
b68d2000-b68d3000 rw-p 0002a000 08:07 4857077    /lib/i386-linux-gnu/libm-2.15.so
b68d3000-b715a000 r-xp 00000000 08:07 930384     /usr/lib/jvm/java-7-oracle/jre/lib/i386/server/libjvm.so
b715a000-b71be000 rw-p 00886000 08:07 930384     /usr/lib/jvm/java-7-oracle/jre/lib/i386/server/libjvm.so
b71be000-b75e2000 rw-p 00000000 00:00 0 
b75e2000-b7785000 r-xp 00000000 08:07 4857081    /lib/i386-linux-gnu/libc-2.15.so
b7785000-b7786000 ---p 001a3000 08:07 4857081    /lib/i386-linux-gnu/libc-2.15.so
b7786000-b7788000 r--p 001a3000 08:07 4857081    /lib/i386-linux-gnu/libc-2.15.so
b7788000-b7789000 rw-p 001a5000 08:07 4857081    /lib/i386-linux-gnu/libc-2.15.so
b7789000-b778c000 rw-p 00000000 00:00 0 
b778c000-b778f000 r-xp 00000000 08:07 4857079    /lib/i386-linux-gnu/libdl-2.15.so
b778f000-b7790000 r--p 00002000 08:07 4857079    /lib/i386-linux-gnu/libdl-2.15.so
b7790000-b7791000 rw-p 00003000 08:07 4857079    /lib/i386-linux-gnu/libdl-2.15.so
b7791000-b7792000 rw-p 00000000 00:00 0 
b7792000-b77a6000 r-xp 00000000 08:07 929071     /usr/lib/jvm/java-7-oracle/lib/i386/jli/libjli.so
b77a6000-b77a7000 rw-p 00013000 08:07 929071     /usr/lib/jvm/java-7-oracle/lib/i386/jli/libjli.so
b77a7000-b77be000 r-xp 00000000 08:07 4857064    /lib/i386-linux-gnu/libpthread-2.15.so
b77be000-b77bf000 r--p 00016000 08:07 4857064    /lib/i386-linux-gnu/libpthread-2.15.so
b77bf000-b77c0000 rw-p 00017000 08:07 4857064    /lib/i386-linux-gnu/libpthread-2.15.so
b77c0000-b77c2000 rw-p 00000000 00:00 0 
b77c6000-b77ca000 rw-p 00000000 00:00 0 
b77ca000-b77cb000 r--p 00000000 00:00 0 
b77cb000-b77d6000 r-xp 00000000 08:07 930429     /usr/lib/jvm/java-7-oracle/jre/lib/i386/libverify.so
b77d6000-b77d7000 rw-p 0000b000 08:07 930429     /usr/lib/jvm/java-7-oracle/jre/lib/i386/libverify.so
b77d7000-b77d9000 rw-p 00000000 00:00 0 
b77d9000-b77da000 r-xp 00000000 00:00 0          [vdso]
b77da000-b77fa000 r-xp 00000000 08:07 4857069    /lib/i386-linux-gnu/ld-2.15.so
b77fa000-b77fb000 r--p 0001f000 08:07 4857069    /lib/i386-linux-gnu/ld-2.15.so
b77fb000-b77fc000 rw-p 00020000 08:07 4857069    /lib/i386-linux-gnu/ld-2.15.so
bfd8b000-bfd8c000 rwxp 00000000 00:00 0 
bfdbe000-bfddf000 rw-p 00000000 00:00 0          [stack]

VM Arguments:
jvm_args: -Dactivator.home=/home/sonphamhong/activator-1.3.2-minimal -Xms1024m -Xmx1024m -XX:PermSize=64m -XX:MaxPermSize=256m 
java_command: /home/sonphamhong/activator-1.3.2-minimal/activator-launch-1.3.2.jar clean
Launcher Type: SUN_STANDARD

Environment Variables:
JAVA_HOME=/usr/lib/jvm/java-7-oracle
PATH=/home/sonphamhong/.rvm/gems/ruby-2.1.5/bin:/home/sonphamhong/.rvm/gems/ruby-2.1.5@global/bin:/home/sonphamhong/.rvm/rubies/ruby-2.1.5/bin:/usr/lib/lightdm/lightdm:/usr/local/sbin:/usr/local/bin:/usr/sbin:/usr/bin:/sbin:/bin:/usr/games:/usr/lib/jvm/java-7-oracle/bin:/usr/lib/jvm/java-7-oracle/db/bin:/usr/lib/jvm/java-7-oracle/jre/bin:/home/sonphamhong/.rvm/bin:/home/sonphamhong/activator-1.3.2-minimal
SHELL=/bin/bash
DISPLAY=:0

Signal Handlers:
SIGSEGV: [libjvm.so+0x7eb160], sa_mask[0]=0x7ffbfeff, sa_flags=0x10000004
SIGBUS: [libjvm.so+0x7eb160], sa_mask[0]=0x7ffbfeff, sa_flags=0x10000004
SIGFPE: [libjvm.so+0x684ac0], sa_mask[0]=0x7ffbfeff, sa_flags=0x10000004
SIGPIPE: [libjvm.so+0x684ac0], sa_mask[0]=0x7ffbfeff, sa_flags=0x10000004
SIGXFSZ: [libjvm.so+0x684ac0], sa_mask[0]=0x7ffbfeff, sa_flags=0x10000004
SIGILL: [libjvm.so+0x684ac0], sa_mask[0]=0x7ffbfeff, sa_flags=0x10000004
SIGUSR1: SIG_DFL, sa_mask[0]=0x00000000, sa_flags=0x00000000
SIGUSR2: [libjvm.so+0x686330], sa_mask[0]=0x00000000, sa_flags=0x10000004
SIGHUP: SIG_DFL, sa_mask[0]=0x00000000, sa_flags=0x00000000
SIGINT: SIG_DFL, sa_mask[0]=0x00000000, sa_flags=0x00000000
SIGTERM: SIG_DFL, sa_mask[0]=0x00000000, sa_flags=0x00000000
SIGQUIT: SIG_DFL, sa_mask[0]=0x00000000, sa_flags=0x00000000


---------------  S Y S T E M  ---------------

OS:wheezy/sid

uname:Linux 3.11.0-26-generic #45~precise1-Ubuntu SMP Tue Jul 15 04:04:35 UTC 2014 i686
libc:glibc 2.15 NPTL 2.15 
rlimit: STACK 8192k, CORE 0k, NPROC 15115, NOFILE 4096, AS infinity
load average:1.59 1.70 1.26

/proc/meminfo:
MemTotal:        1952472 kB
MemFree:          115436 kB
Buffers:            2004 kB
Cached:           463704 kB
SwapCached:       100400 kB
Active:           866864 kB
Inactive:         872224 kB
Active(anon):     816764 kB
Inactive(anon):   822040 kB
Active(file):      50100 kB
Inactive(file):    50184 kB
Unevictable:         120 kB
Mlocked:             120 kB
HighTotal:       1096024 kB
HighFree:          16944 kB
LowTotal:         856448 kB
LowFree:           98492 kB
SwapTotal:       1999868 kB
SwapFree:         440632 kB
Dirty:               488 kB
Writeback:          1628 kB
AnonPages:       1174488 kB
Mapped:            89484 kB
Shmem:            365412 kB
Slab:              42372 kB
SReclaimable:      19400 kB
SUnreclaim:        22972 kB
KernelStack:        5360 kB
PageTables:        18720 kB
NFS_Unstable:          0 kB
Bounce:                0 kB
WritebackTmp:          0 kB
CommitLimit:     2976104 kB
Committed_AS:    9788252 kB
VmallocTotal:     122880 kB
VmallocUsed:       15012 kB
VmallocChunk:     105748 kB
HardwareCorrupted:     0 kB
AnonHugePages:         0 kB
HugePages_Total:       0
HugePages_Free:        0
HugePages_Rsvd:        0
HugePages_Surp:        0
Hugepagesize:       2048 kB
DirectMap4k:       12280 kB
DirectMap2M:      899072 kB


CPU:total 4 (2 cores per cpu, 2 threads per core) family 6 model 42 stepping 7, cmov, cx8, fxsr, mmx, sse, sse2, sse3, ssse3, sse4.1, sse4.2, popcnt, avx, ht, tsc, tscinvbit

/proc/cpuinfo:
processor	: 0
vendor_id	: GenuineIntel
cpu family	: 6
model		: 42
model name	: Intel(R) Core(TM) i3-2120 CPU @ 3.30GHz
stepping	: 7
microcode	: 0x12
cpu MHz		: 2700.000
cache size	: 3072 KB
physical id	: 0
siblings	: 4
core id		: 0
cpu cores	: 2
apicid		: 0
initial apicid	: 0
fdiv_bug	: no
f00f_bug	: no
coma_bug	: no
fpu		: yes
fpu_exception	: yes
cpuid level	: 13
wp		: yes
flags		: fpu vme de pse tsc msr pae mce cx8 apic sep mtrr pge mca cmov pat pse36 clflush dts acpi mmx fxsr sse sse2 ss ht tm pbe nx rdtscp lm constant_tsc arch_perfmon pebs bts xtopology nonstop_tsc aperfmperf eagerfpu pni pclmulqdq dtes64 monitor ds_cpl vmx est tm2 ssse3 cx16 xtpr pdcm pcid sse4_1 sse4_2 popcnt tsc_deadline_timer xsave avx lahf_lm arat epb xsaveopt pln pts dtherm tpr_shadow vnmi flexpriority ept vpid
bogomips	: 6584.73
clflush size	: 64
cache_alignment	: 64
address sizes	: 36 bits physical, 48 bits virtual
power management:

processor	: 1
vendor_id	: GenuineIntel
cpu family	: 6
model		: 42
model name	: Intel(R) Core(TM) i3-2120 CPU @ 3.30GHz
stepping	: 7
microcode	: 0x12
cpu MHz		: 1600.000
cache size	: 3072 KB
physical id	: 0
siblings	: 4
core id		: 1
cpu cores	: 2
apicid		: 2
initial apicid	: 2
fdiv_bug	: no
f00f_bug	: no
coma_bug	: no
fpu		: yes
fpu_exception	: yes
cpuid level	: 13
wp		: yes
flags		: fpu vme de pse tsc msr pae mce cx8 apic sep mtrr pge mca cmov pat pse36 clflush dts acpi mmx fxsr sse sse2 ss ht tm pbe nx rdtscp lm constant_tsc arch_perfmon pebs bts xtopology nonstop_tsc aperfmperf eagerfpu pni pclmulqdq dtes64 monitor ds_cpl vmx est tm2 ssse3 cx16 xtpr pdcm pcid sse4_1 sse4_2 popcnt tsc_deadline_timer xsave avx lahf_lm arat epb xsaveopt pln pts dtherm tpr_shadow vnmi flexpriority ept vpid
bogomips	: 6584.73
clflush size	: 64
cache_alignment	: 64
address sizes	: 36 bits physical, 48 bits virtual
power management:

processor	: 2
vendor_id	: GenuineIntel
cpu family	: 6
model		: 42
model name	: Intel(R) Core(TM) i3-2120 CPU @ 3.30GHz
stepping	: 7
microcode	: 0x12
cpu MHz		: 1600.000
cache size	: 3072 KB
physical id	: 0
siblings	: 4
core id		: 0
cpu cores	: 2
apicid		: 1
initial apicid	: 1
fdiv_bug	: no
f00f_bug	: no
coma_bug	: no
fpu		: yes
fpu_exception	: yes
cpuid level	: 13
wp		: yes
flags		: fpu vme de pse tsc msr pae mce cx8 apic sep mtrr pge mca cmov pat pse36 clflush dts acpi mmx fxsr sse sse2 ss ht tm pbe nx rdtscp lm constant_tsc arch_perfmon pebs bts xtopology nonstop_tsc aperfmperf eagerfpu pni pclmulqdq dtes64 monitor ds_cpl vmx est tm2 ssse3 cx16 xtpr pdcm pcid sse4_1 sse4_2 popcnt tsc_deadline_timer xsave avx lahf_lm arat epb xsaveopt pln pts dtherm tpr_shadow vnmi flexpriority ept vpid
bogomips	: 6584.73
clflush size	: 64
cache_alignment	: 64
address sizes	: 36 bits physical, 48 bits virtual
power management:

processor	: 3
vendor_id	: GenuineIntel
cpu family	: 6
model		: 42
model name	: Intel(R) Core(TM) i3-2120 CPU @ 3.30GHz
stepping	: 7
microcode	: 0x12
cpu MHz		: 1600.000
cache size	: 3072 KB
physical id	: 0
siblings	: 4
core id		: 1
cpu cores	: 2
apicid		: 3
initial apicid	: 3
fdiv_bug	: no
f00f_bug	: no
coma_bug	: no
fpu		: yes
fpu_exception	: yes
cpuid level	: 13
wp		: yes
flags		: fpu vme de pse tsc msr pae mce cx8 apic sep mtrr pge mca cmov pat pse36 clflush dts acpi mmx fxsr sse sse2 ss ht tm pbe nx rdtscp lm constant_tsc arch_perfmon pebs bts xtopology nonstop_tsc aperfmperf eagerfpu pni pclmulqdq dtes64 monitor ds_cpl vmx est tm2 ssse3 cx16 xtpr pdcm pcid sse4_1 sse4_2 popcnt tsc_deadline_timer xsave avx lahf_lm arat epb xsaveopt pln pts dtherm tpr_shadow vnmi flexpriority ept vpid
bogomips	: 6584.73
clflush size	: 64
cache_alignment	: 64
address sizes	: 36 bits physical, 48 bits virtual
power management:



Memory: 4k page, physical 1952472k(115536k free), swap 1999868k(440380k free)

vm_info: Java HotSpot(TM) Server VM (24.80-b11) for linux-x86 JRE (1.7.0_80-b15), built on Apr 10 2015 12:29:10 by "java_re" with gcc 4.3.0 20080428 (Red Hat 4.3.0-8)

time: Wed May 27 15:24:55 2015
elapsed time: 0 seconds

