#
# There is insufficient memory for the Java Runtime Environment to continue.
# Native memory allocation (malloc) failed to allocate 715915264 bytes for committing reserved memory.
# Possible reasons:
#   The system is out of physical RAM or swap space
#   In 32 bit mode, the process size limit was hit
# Possible solutions:
#   Reduce memory load on the system
#   Increase physical memory or swap space
#   Check if swap backing store is full
#   Use 64 bit Java on a 64 bit OS
#   Decrease Java heap size (-Xmx/-Xms)
#   Decrease number of Java threads
#   Decrease Java thread stack sizes (-Xss)
#   Set larger code cache with -XX:ReservedCodeCacheSize=
# This output file may be truncated or incomplete.
#
#  Out of Memory Error (os_linux.cpp:2756), pid=31188, tid=3062106944
#
# JRE version:  (7.0_80-b15) (build )
# Java VM: Java HotSpot(TM) Server VM (24.80-b11 mixed mode linux-x86 )
# Failed to write core dump. Core dumps have been disabled. To enable core dumping, try "ulimit -c unlimited" before starting Java again
#

---------------  T H R E A D  ---------------

Current thread (0xb6607400):  JavaThread "Unknown thread" [_thread_in_vm, id=31233, stack(0xb67f0000,0xb6841000)]

Stack: [0xb67f0000,0xb6841000],  sp=0xb683fb30,  free space=318k
Native frames: (J=compiled Java code, j=interpreted, Vv=VM code, C=native code)
V  [libjvm.so+0x7ea656]  VMError::report_and_die()+0x1a6
V  [libjvm.so+0x33eb82]  report_vm_out_of_memory(char const*, int, unsigned int, char const*)+0x72
V  [libjvm.so+0x687fb1]  os::Linux::commit_memory_impl(char*, unsigned int, bool)+0xe1
V  [libjvm.so+0x688478]  os::pd_commit_memory(char*, unsigned int, unsigned int, bool)+0x28
V  [libjvm.so+0x681b2c]  os::commit_memory(char*, unsigned int, unsigned int, bool)+0x2c
V  [libjvm.so+0x6ea8d8]  PSVirtualSpace::expand_by(unsigned int)+0x48
V  [libjvm.so+0x6dc6dd]  PSOldGen::initialize(ReservedSpace, unsigned int, char const*, int)+0x7d
V  [libjvm.so+0x187f26]  AdjoiningGenerations::AdjoiningGenerations(ReservedSpace, unsigned int, unsigned int, unsigned int, unsigned int, unsigned int, unsigned int, unsigned int)+0x2a6
V  [libjvm.so+0x6a7af4]  ParallelScavengeHeap::initialize()+0x3b4
V  [libjvm.so+0x7bd1c4]  Universe::initialize_heap()+0xa4
V  [libjvm.so+0x7be7f5]  universe_init()+0x55
V  [libjvm.so+0x452775]  init_globals()+0x55
V  [libjvm.so+0x7a73b0]  Threads::create_vm(JavaVMInitArgs*, bool*)+0x200
V  [libjvm.so+0x4c544c]  JNI_CreateJavaVM+0x5c
C  [libjli.so+0x2688]  JavaMain+0x98
C  [libpthread.so.0+0x6d4c]  start_thread+0xcc


---------------  P R O C E S S  ---------------

Java Threads: ( => current thread )

Other Threads:

=>0xb6607400 (exited) JavaThread "Unknown thread" [_thread_in_vm, id=31233, stack(0xb67f0000,0xb6841000)]

VM state:not at safepoint (not fully initialized)

VM Mutex/Monitor currently owned by a thread: None

GC Heap History (0 events):
No events

Deoptimization events (0 events):
No events

Internal exceptions (0 events):
No events

Events (0 events):
No events


Dynamic libraries:
08048000-08049000 r-xp 00000000 08:07 919831     /usr/lib/jvm/java-7-oracle/bin/java
08049000-0804a000 rw-p 00000000 08:07 919831     /usr/lib/jvm/java-7-oracle/bin/java
09251000-09272000 rw-p 00000000 00:00 0          [heap]
6327f000-63454000 rw-p 00000000 00:00 0 
63454000-63500000 rw-p 00000000 00:00 0 
63500000-73500000 rw-p 00000000 00:00 0 
9dda4000-b3549000 rw-p 00000000 00:00 0 
b3549000-b3600000 rw-p 00000000 00:00 0 
b3600000-b3840000 rwxp 00000000 00:00 0 
b3840000-b6621000 rw-p 00000000 00:00 0 
b6621000-b6700000 ---p 00000000 00:00 0 
b675a000-b6771000 r-xp 00000000 08:07 930425     /usr/lib/jvm/java-7-oracle/jre/lib/i386/libzip.so
b6771000-b6772000 rw-p 00016000 08:07 930425     /usr/lib/jvm/java-7-oracle/jre/lib/i386/libzip.so
b6772000-b677d000 r-xp 00000000 08:07 4857066    /lib/i386-linux-gnu/libnss_files-2.15.so
b677d000-b677e000 r--p 0000a000 08:07 4857066    /lib/i386-linux-gnu/libnss_files-2.15.so
b677e000-b677f000 rw-p 0000b000 08:07 4857066    /lib/i386-linux-gnu/libnss_files-2.15.so
b677f000-b6789000 r-xp 00000000 08:07 4849864    /lib/i386-linux-gnu/libnss_nis-2.15.so
b6789000-b678a000 r--p 00009000 08:07 4849864    /lib/i386-linux-gnu/libnss_nis-2.15.so
b678a000-b678b000 rw-p 0000a000 08:07 4849864    /lib/i386-linux-gnu/libnss_nis-2.15.so
b678b000-b67a1000 r-xp 00000000 08:07 4857076    /lib/i386-linux-gnu/libnsl-2.15.so
b67a1000-b67a2000 r--p 00015000 08:07 4857076    /lib/i386-linux-gnu/libnsl-2.15.so
b67a2000-b67a3000 rw-p 00016000 08:07 4857076    /lib/i386-linux-gnu/libnsl-2.15.so
b67a3000-b67a5000 rw-p 00000000 00:00 0 
b67a5000-b67ac000 r-xp 00000000 08:07 4857080    /lib/i386-linux-gnu/libnss_compat-2.15.so
b67ac000-b67ad000 r--p 00006000 08:07 4857080    /lib/i386-linux-gnu/libnss_compat-2.15.so
b67ad000-b67ae000 rw-p 00007000 08:07 4857080    /lib/i386-linux-gnu/libnss_compat-2.15.so
b67bb000-b67c3000 rw-s 00000000 08:07 5252611    /tmp/hsperfdata_sonphamhong/31188
b67c3000-b67e6000 r-xp 00000000 08:07 930421     /usr/lib/jvm/java-7-oracle/jre/lib/i386/libjava.so
b67e6000-b67e7000 rw-p 00023000 08:07 930421     /usr/lib/jvm/java-7-oracle/jre/lib/i386/libjava.so
b67e7000-b67ee000 r-xp 00000000 08:07 4857068    /lib/i386-linux-gnu/librt-2.15.so
b67ee000-b67ef000 r--p 00006000 08:07 4857068    /lib/i386-linux-gnu/librt-2.15.so
b67ef000-b67f0000 rw-p 00007000 08:07 4857068    /lib/i386-linux-gnu/librt-2.15.so
b67f0000-b67f3000 ---p 00000000 00:00 0 
b67f3000-b6841000 rw-p 00000000 00:00 0          [stack:31233]
b6841000-b686b000 r-xp 00000000 08:07 4857077    /lib/i386-linux-gnu/libm-2.15.so
b686b000-b686c000 r--p 00029000 08:07 4857077    /lib/i386-linux-gnu/libm-2.15.so
b686c000-b686d000 rw-p 0002a000 08:07 4857077    /lib/i386-linux-gnu/libm-2.15.so
b686d000-b70f4000 r-xp 00000000 08:07 930384     /usr/lib/jvm/java-7-oracle/jre/lib/i386/server/libjvm.so
b70f4000-b7158000 rw-p 00886000 08:07 930384     /usr/lib/jvm/java-7-oracle/jre/lib/i386/server/libjvm.so
b7158000-b757c000 rw-p 00000000 00:00 0 
b757c000-b771f000 r-xp 00000000 08:07 4857081    /lib/i386-linux-gnu/libc-2.15.so
b771f000-b7720000 ---p 001a3000 08:07 4857081    /lib/i386-linux-gnu/libc-2.15.so
b7720000-b7722000 r--p 001a3000 08:07 4857081    /lib/i386-linux-gnu/libc-2.15.so
b7722000-b7723000 rw-p 001a5000 08:07 4857081    /lib/i386-linux-gnu/libc-2.15.so
b7723000-b7726000 rw-p 00000000 00:00 0 
b7726000-b7729000 r-xp 00000000 08:07 4857079    /lib/i386-linux-gnu/libdl-2.15.so
b7729000-b772a000 r--p 00002000 08:07 4857079    /lib/i386-linux-gnu/libdl-2.15.so
b772a000-b772b000 rw-p 00003000 08:07 4857079    /lib/i386-linux-gnu/libdl-2.15.so
b772b000-b772c000 rw-p 00000000 00:00 0 
b772c000-b7740000 r-xp 00000000 08:07 929071     /usr/lib/jvm/java-7-oracle/lib/i386/jli/libjli.so
b7740000-b7741000 rw-p 00013000 08:07 929071     /usr/lib/jvm/java-7-oracle/lib/i386/jli/libjli.so
b7741000-b7758000 r-xp 00000000 08:07 4857064    /lib/i386-linux-gnu/libpthread-2.15.so
b7758000-b7759000 r--p 00016000 08:07 4857064    /lib/i386-linux-gnu/libpthread-2.15.so
b7759000-b775a000 rw-p 00017000 08:07 4857064    /lib/i386-linux-gnu/libpthread-2.15.so
b775a000-b775c000 rw-p 00000000 00:00 0 
b7760000-b7764000 rw-p 00000000 00:00 0 
b7764000-b7765000 r--p 00000000 00:00 0 
b7765000-b7770000 r-xp 00000000 08:07 930429     /usr/lib/jvm/java-7-oracle/jre/lib/i386/libverify.so
b7770000-b7771000 rw-p 0000b000 08:07 930429     /usr/lib/jvm/java-7-oracle/jre/lib/i386/libverify.so
b7771000-b7773000 rw-p 00000000 00:00 0 
b7773000-b7774000 r-xp 00000000 00:00 0          [vdso]
b7774000-b7794000 r-xp 00000000 08:07 4857069    /lib/i386-linux-gnu/ld-2.15.so
b7794000-b7795000 r--p 0001f000 08:07 4857069    /lib/i386-linux-gnu/ld-2.15.so
b7795000-b7796000 rw-p 00020000 08:07 4857069    /lib/i386-linux-gnu/ld-2.15.so
bfb4f000-bfb50000 rwxp 00000000 00:00 0 
bfb82000-bfba3000 rw-p 00000000 00:00 0          [stack]

VM Arguments:
jvm_args: -Dactivator.home=/home/sonphamhong/activator-1.3.2-minimal -Xms1024m -Xmx1024m -XX:PermSize=64m -XX:MaxPermSize=256m 
java_command: /home/sonphamhong/activator-1.3.2-minimal/activator-launch-1.3.2.jar clean
Launcher Type: SUN_STANDARD

Environment Variables:
JAVA_HOME=/usr/lib/jvm/java-7-oracle
PATH=/home/sonphamhong/.rvm/gems/ruby-2.1.5/bin:/home/sonphamhong/.rvm/gems/ruby-2.1.5@global/bin:/home/sonphamhong/.rvm/rubies/ruby-2.1.5/bin:/usr/lib/lightdm/lightdm:/usr/local/sbin:/usr/local/bin:/usr/sbin:/usr/bin:/sbin:/bin:/usr/games:/usr/lib/jvm/java-7-oracle/bin:/usr/lib/jvm/java-7-oracle/db/bin:/usr/lib/jvm/java-7-oracle/jre/bin:/home/sonphamhong/.rvm/bin:/home/sonphamhong/activator-1.3.2-minimal
SHELL=/bin/bash
DISPLAY=:0

Signal Handlers:
SIGSEGV: [libjvm.so+0x7eb160], sa_mask[0]=0x7ffbfeff, sa_flags=0x10000004
SIGBUS: [libjvm.so+0x7eb160], sa_mask[0]=0x7ffbfeff, sa_flags=0x10000004
SIGFPE: [libjvm.so+0x684ac0], sa_mask[0]=0x7ffbfeff, sa_flags=0x10000004
SIGPIPE: [libjvm.so+0x684ac0], sa_mask[0]=0x7ffbfeff, sa_flags=0x10000004
SIGXFSZ: [libjvm.so+0x684ac0], sa_mask[0]=0x7ffbfeff, sa_flags=0x10000004
SIGILL: [libjvm.so+0x684ac0], sa_mask[0]=0x7ffbfeff, sa_flags=0x10000004
SIGUSR1: SIG_DFL, sa_mask[0]=0x00000000, sa_flags=0x00000000
SIGUSR2: [libjvm.so+0x686330], sa_mask[0]=0x00000000, sa_flags=0x10000004
SIGHUP: SIG_DFL, sa_mask[0]=0x00000000, sa_flags=0x00000000
SIGINT: SIG_DFL, sa_mask[0]=0x00000000, sa_flags=0x00000000
SIGTERM: SIG_DFL, sa_mask[0]=0x00000000, sa_flags=0x00000000
SIGQUIT: SIG_DFL, sa_mask[0]=0x00000000, sa_flags=0x00000000


---------------  S Y S T E M  ---------------

OS:wheezy/sid

uname:Linux 3.11.0-26-generic #45~precise1-Ubuntu SMP Tue Jul 15 04:04:35 UTC 2014 i686
libc:glibc 2.15 NPTL 2.15 
rlimit: STACK 8192k, CORE 0k, NPROC 15115, NOFILE 4096, AS infinity
load average:1.59 1.70 1.26

/proc/meminfo:
MemTotal:        1952472 kB
MemFree:          125680 kB
Buffers:            2136 kB
Cached:           461152 kB
SwapCached:        98732 kB
Active:           872820 kB
Inactive:         856136 kB
Active(anon):     815612 kB
Inactive(anon):   815404 kB
Active(file):      57208 kB
Inactive(file):    40732 kB
Unevictable:         120 kB
Mlocked:             120 kB
HighTotal:       1096024 kB
HighFree:          26492 kB
LowTotal:         856448 kB
LowFree:           99188 kB
SwapTotal:       1999868 kB
SwapFree:         434320 kB
Dirty:               384 kB
Writeback:             0 kB
AnonPages:       1168308 kB
Mapped:            89744 kB
Shmem:            365344 kB
Slab:              42384 kB
SReclaimable:      19408 kB
SUnreclaim:        22976 kB
KernelStack:        5312 kB
PageTables:        18712 kB
NFS_Unstable:          0 kB
Bounce:                0 kB
WritebackTmp:          0 kB
CommitLimit:     2976104 kB
Committed_AS:    9785736 kB
VmallocTotal:     122880 kB
VmallocUsed:       15012 kB
VmallocChunk:     105748 kB
HardwareCorrupted:     0 kB
AnonHugePages:         0 kB
HugePages_Total:       0
HugePages_Free:        0
HugePages_Rsvd:        0
HugePages_Surp:        0
Hugepagesize:       2048 kB
DirectMap4k:       12280 kB
DirectMap2M:      899072 kB


CPU:total 4 (2 cores per cpu, 2 threads per core) family 6 model 42 stepping 7, cmov, cx8, fxsr, mmx, sse, sse2, sse3, ssse3, sse4.1, sse4.2, popcnt, avx, ht, tsc, tscinvbit

/proc/cpuinfo:
processor	: 0
vendor_id	: GenuineIntel
cpu family	: 6
model		: 42
model name	: Intel(R) Core(TM) i3-2120 CPU @ 3.30GHz
stepping	: 7
microcode	: 0x12
cpu MHz		: 1600.000
cache size	: 3072 KB
physical id	: 0
siblings	: 4
core id		: 0
cpu cores	: 2
apicid		: 0
initial apicid	: 0
fdiv_bug	: no
f00f_bug	: no
coma_bug	: no
fpu		: yes
fpu_exception	: yes
cpuid level	: 13
wp		: yes
flags		: fpu vme de pse tsc msr pae mce cx8 apic sep mtrr pge mca cmov pat pse36 clflush dts acpi mmx fxsr sse sse2 ss ht tm pbe nx rdtscp lm constant_tsc arch_perfmon pebs bts xtopology nonstop_tsc aperfmperf eagerfpu pni pclmulqdq dtes64 monitor ds_cpl vmx est tm2 ssse3 cx16 xtpr pdcm pcid sse4_1 sse4_2 popcnt tsc_deadline_timer xsave avx lahf_lm arat epb xsaveopt pln pts dtherm tpr_shadow vnmi flexpriority ept vpid
bogomips	: 6584.73
clflush size	: 64
cache_alignment	: 64
address sizes	: 36 bits physical, 48 bits virtual
power management:

processor	: 1
vendor_id	: GenuineIntel
cpu family	: 6
model		: 42
model name	: Intel(R) Core(TM) i3-2120 CPU @ 3.30GHz
stepping	: 7
microcode	: 0x12
cpu MHz		: 1600.000
cache size	: 3072 KB
physical id	: 0
siblings	: 4
core id		: 1
cpu cores	: 2
apicid		: 2
initial apicid	: 2
fdiv_bug	: no
f00f_bug	: no
coma_bug	: no
fpu		: yes
fpu_exception	: yes
cpuid level	: 13
wp		: yes
flags		: fpu vme de pse tsc msr pae mce cx8 apic sep mtrr pge mca cmov pat pse36 clflush dts acpi mmx fxsr sse sse2 ss ht tm pbe nx rdtscp lm constant_tsc arch_perfmon pebs bts xtopology nonstop_tsc aperfmperf eagerfpu pni pclmulqdq dtes64 monitor ds_cpl vmx est tm2 ssse3 cx16 xtpr pdcm pcid sse4_1 sse4_2 popcnt tsc_deadline_timer xsave avx lahf_lm arat epb xsaveopt pln pts dtherm tpr_shadow vnmi flexpriority ept vpid
bogomips	: 6584.73
clflush size	: 64
cache_alignment	: 64
address sizes	: 36 bits physical, 48 bits virtual
power management:

processor	: 2
vendor_id	: GenuineIntel
cpu family	: 6
model		: 42
model name	: Intel(R) Core(TM) i3-2120 CPU @ 3.30GHz
stepping	: 7
microcode	: 0x12
cpu MHz		: 3300.000
cache size	: 3072 KB
physical id	: 0
siblings	: 4
core id		: 0
cpu cores	: 2
apicid		: 1
initial apicid	: 1
fdiv_bug	: no
f00f_bug	: no
coma_bug	: no
fpu		: yes
fpu_exception	: yes
cpuid level	: 13
wp		: yes
flags		: fpu vme de pse tsc msr pae mce cx8 apic sep mtrr pge mca cmov pat pse36 clflush dts acpi mmx fxsr sse sse2 ss ht tm pbe nx rdtscp lm constant_tsc arch_perfmon pebs bts xtopology nonstop_tsc aperfmperf eagerfpu pni pclmulqdq dtes64 monitor ds_cpl vmx est tm2 ssse3 cx16 xtpr pdcm pcid sse4_1 sse4_2 popcnt tsc_deadline_timer xsave avx lahf_lm arat epb xsaveopt pln pts dtherm tpr_shadow vnmi flexpriority ept vpid
bogomips	: 6584.73
clflush size	: 64
cache_alignment	: 64
address sizes	: 36 bits physical, 48 bits virtual
power management:

processor	: 3
vendor_id	: GenuineIntel
cpu family	: 6
model		: 42
model name	: Intel(R) Core(TM) i3-2120 CPU @ 3.30GHz
stepping	: 7
microcode	: 0x12
cpu MHz		: 1600.000
cache size	: 3072 KB
physical id	: 0
siblings	: 4
core id		: 1
cpu cores	: 2
apicid		: 3
initial apicid	: 3
fdiv_bug	: no
f00f_bug	: no
coma_bug	: no
fpu		: yes
fpu_exception	: yes
cpuid level	: 13
wp		: yes
flags		: fpu vme de pse tsc msr pae mce cx8 apic sep mtrr pge mca cmov pat pse36 clflush dts acpi mmx fxsr sse sse2 ss ht tm pbe nx rdtscp lm constant_tsc arch_perfmon pebs bts xtopology nonstop_tsc aperfmperf eagerfpu pni pclmulqdq dtes64 monitor ds_cpl vmx est tm2 ssse3 cx16 xtpr pdcm pcid sse4_1 sse4_2 popcnt tsc_deadline_timer xsave avx lahf_lm arat epb xsaveopt pln pts dtherm tpr_shadow vnmi flexpriority ept vpid
bogomips	: 6584.73
clflush size	: 64
cache_alignment	: 64
address sizes	: 36 bits physical, 48 bits virtual
power management:



Memory: 4k page, physical 1952472k(125680k free), swap 1999868k(434320k free)

vm_info: Java HotSpot(TM) Server VM (24.80-b11) for linux-x86 JRE (1.7.0_80-b15), built on Apr 10 2015 12:29:10 by "java_re" with gcc 4.3.0 20080428 (Red Hat 4.3.0-8)

time: Wed May 27 15:24:58 2015
elapsed time: 0 seconds

